<?xml version="1.0" encoding="UTF-8"?>
<!-- Generated by org.testng.reporters.JUnitXMLReporter -->
<testsuite ignored="1" hostname="DESKTOP-I5MV7FE" failures="0" tests="1" name="Default test" time="21.8" errors="0" timestamp="٢٠٢٥-٠٤-١٩T١٠:٥١:٠٨ غرينتش+٠٣:٠٠">
  <testcase classname="project.project.AppTest" name="FillingtheInputFields" time="0.588"/>
  <testcase classname="project.project.AppTest" name="ScrollTest" time="0.0">
    <ignored/>
  </testcase> <!-- ScrollTest -->
</testsuite> <!-- Default test -->
