<?xml version="1.0" encoding="UTF-8"?>
<testng-results ignored="1" total="2" passed="1" failed="0" skipped="0">
  <reporter-output>
  </reporter-output>
  <suite started-at="٢٠٢٥-٠٤-١٩T١٠:٥٠:٤٦ غرينتش+٠٣:٠٠" name="Default suite" finished-at="٢٠٢٥-٠٤-١٩T١٠:٥١:٠٨ غرينتش+٠٣:٠٠" duration-ms="21800">
    <groups>
    </groups>
    <test started-at="٢٠٢٥-٠٤-١٩T١٠:٥٠:٤٦ غرينتش+٠٣:٠٠" name="Default test" finished-at="٢٠٢٥-٠٤-١٩T١٠:٥١:٠٨ غرينتش+٠٣:٠٠" duration-ms="21800">
      <class name="project.project.AppTest">
        <test-method is-config="true" signature="mySetup()[pri:0, instance:project.project.AppTest@3a1dd365]" started-at="٢٠٢٥-٠٤-١٩T١٠:٥٠:٤٦ غرينتش+٠٣:٠٠" name="mySetup" finished-at="٢٠٢٥-٠٤-١٩T١٠:٥١:٠٧ غرينتش+٠٣:٠٠" duration-ms="21142" status="PASS">
          <reporter-output>
          </reporter-output>
        </test-method> <!-- mySetup -->
        <test-method signature="FillingtheInputFields()[pri:0, instance:project.project.AppTest@3a1dd365]" started-at="٢٠٢٥-٠٤-١٩T١٠:٥١:٠٨ غرينتش+٠٣:٠٠" name="FillingtheInputFields" finished-at="٢٠٢٥-٠٤-١٩T١٠:٥١:٠٨ غرينتش+٠٣:٠٠" duration-ms="588" status="PASS">
          <reporter-output>
          </reporter-output>
        </test-method> <!-- FillingtheInputFields -->
      </class> <!-- project.project.AppTest -->
    </test> <!-- Default test -->
  </suite> <!-- Default suite -->
</testng-results>
